<?xml version="1.0" encoding="UTF-8"?>
<testsuite xmlns:xsi="http://www.w3.org/2001/XMLSchema-instance" xsi:noNamespaceSchemaLocation="https://maven.apache.org/surefire/maven-surefire-plugin/xsd/surefire-test-report-3.0.xsd" version="3.0" name="ie.rolfe.filewrangling.testcode.FieldMapToZeroTest" time="0.003" tests="10" errors="0" skipped="0" failures="0">
  <properties>
[...]
</properties>
  <testcase name="fixFieldNotNullZWR" classname="ie.rolfe.filewrangling.testcode.FieldMapToZeroTest" time="0.0"/>
  <testcase name="fixFieldNullZ" classname="ie.rolfe.filewrangling.testcode.FieldMapToZeroTest" time="0.0"/>
  <testcase name="fixFieldNotNull" classname="ie.rolfe.filewrangling.testcode.FieldMapToZeroTest" time="0.0"/>
  <testcase name="fixFieldNotNullNotZeroWR" classname="ie.rolfe.filewrangling.testcode.FieldMapToZeroTest" time="0.0"/>
  <testcase name="fixFieldNullZWR" classname="ie.rolfe.filewrangling.testcode.FieldMapToZeroTest" time="0.0"/>
  <testcase name="fixFieldNullWR" classname="ie.rolfe.filewrangling.testcode.FieldMapToZeroTest" time="0.001">
    <system-out><![CDATA[2026-03-10 15:32:29:{"requestType":"FieldNvl","props":{},"fieldNames":[],"comment":""}
]]></system-out>
  </testcase>
  <testcase name="fixFieldNotNullZ" classname="ie.rolfe.filewrangling.testcode.FieldMapToZeroTest" time="0.0"/>
  <testcase name="fixFieldNotNullNotZero" classname="ie.rolfe.filewrangling.testcode.FieldMapToZeroTest" time="0.0"/>
  <testcase name="fixFieldNotNullWR" classname="ie.rolfe.filewrangling.testcode.FieldMapToZeroTest" time="0.0"/>
  <testcase name="fixFieldNull" classname="ie.rolfe.filewrangling.testcode.FieldMapToZeroTest" time="0.0"/>
</testsuite>