<?xml version="1.0" encoding="UTF-8"?>
<testsuite xmlns:xsi="http://www.w3.org/2001/XMLSchema-instance" xsi:noNamespaceSchemaLocation="https://maven.apache.org/surefire/maven-surefire-plugin/xsd/surefire-test-report-3.0.xsd" version="3.0" name="ie.rolfe.filewrangling.testexamples.FAAAircraftTypeWRTest" time="0.005" tests="1" errors="0" skipped="0" failures="0">
  <properties>
[...]
</properties>
  <testcase name="testFAAAircraftType" classname="ie.rolfe.filewrangling.testexamples.FAAAircraftTypeWRTest" time="0.004">
    <system-out><![CDATA[2026-03-10 15:32:29:0 Create instance of LineReplace...
2026-03-10 15:32:29:0 LineReplace{startLine=1, endLine=1, newValue='code,mfr,model,engines,seats', theExtraWranglers=[]}
2026-03-10 15:32:29:0 Create instance of FieldKeep...
2026-03-10 15:32:29:0 FieldKeep{fieldNames=[code, mfr, model, no-eng, no-seats], theExtraWranglers=[]}
2026-03-10 15:32:29:1 Create instance of FieldNvl...
2026-03-10 15:32:29:1 FieldNvl{nvlValue='0', fieldNames=[no-eng, no-seats], theExtraWranglers=[]}
2026-03-10 15:32:29:Lines: 2. Skipped: 0
2026-03-10 15:32:29:{linechanges_LineReplace=linechanges_LineReplace 
 Reports=               1 Average=               3, Total=               3, 50%=               3, 95%=               3, 99%=               3, 99.5%=               3, 99.95%=               3, Max=               3
3	1.0	Microsecond latency for line changes
, linechanges_LineForceToLowerCase=linechanges_LineForceToLowerCase 
 Reports=               4 Average=              10, Total=              39, 50%=               6, 95%=              20, 99%=              20, 99.5%=              20, 99.95%=              20, Max=              20
2	1.0	Microsecond latency for line changes
6	1.0	Microsecond latency for line changes
11	1.0	Microsecond latency for line changes
20	1.0	Microsecond latency for line changes
, fieldchanges_FieldKeep=fieldchanges_FieldKeep 
 Reports=             784 Average=               4, Total=           3,090, 50%=               1, 95%=               3, 99%=              18, 99.5%=              36, 99.95%=            1808, Max=            1808
1	678.0	Microsecond latency for line changes
2	49.0	Microsecond latency for line changes
3	24.0	Microsecond latency for line changes
4	8.0	Microsecond latency for line changes
5	2.0	Microsecond latency for line changes
6	2.0	Microsecond latency for line changes
7	4.0	Microsecond latency for line changes
9	1.0	Microsecond latency for line changes
11	1.0	Microsecond latency for line changes
12	1.0	Microsecond latency for line changes
13	1.0	Microsecond latency for line changes
14	1.0	Microsecond latency for line changes
16	2.0	Microsecond latency for line changes
17	2.0	Microsecond latency for line changes
18	1.0	Microsecond latency for line changes
22	1.0	Microsecond latency for line changes
27	1.0	Microsecond latency for line changes
34	1.0	Microsecond latency for line changes
36	1.0	Microsecond latency for line changes
42	1.0	Microsecond latency for line changes
48	1.0	Microsecond latency for line changes
1808	1.0	Microsecond latency for line changes
, fieldchanges_FieldFixDateFormat=fieldchanges_FieldFixDateFormat 
 Reports=               1 Average=             560, Total=             560, 50%=             560, 95%=             560, 99%=             560, 99.5%=             560, 99.95%=             560, Max=             560
560	1.0	Microsecond latency for line changes
, linechanges_LineForgetRest=linechanges_LineForgetRest 
 Reports=               1 Average=               9, Total=               9, 50%=               9, 95%=               9, 99%=               9, 99.5%=               9, 99.95%=               9, Max=               9
9	1.0	Microsecond latency for line changes
, linechanges_LineChangeOverrideColumnValue=linechanges_LineChangeOverrideColumnValue 
 Reports=               3 Average=              17, Total=              52, 50%=               7, 95%=              39, 99%=              39, 99.5%=              39, 99.95%=              39, Max=              39
6	1.0	Microsecond latency for line changes
7	1.0	Microsecond latency for line changes
39	1.0	Microsecond latency for line changes
}
{}
{}
]]></system-out>
  </testcase>
</testsuite>