<?xml version="1.0" encoding="UTF-8"?>
<testsuite xmlns:xsi="http://www.w3.org/2001/XMLSchema-instance" xsi:noNamespaceSchemaLocation="https://maven.apache.org/surefire/maven-surefire-plugin/xsd/surefire-test-report-3.0.xsd" version="3.0" name="ie.rolfe.filewrangling.testexamples.DMAirportWRTest" time="0.794" tests="1" errors="0" skipped="0" failures="0">
  <properties>
[...]
</properties>
  <testcase name="testDMAirpprt" classname="ie.rolfe.filewrangling.testexamples.DMAirportWRTest" time="0.794">
    <system-out><![CDATA[2026-03-10 15:32:28:0 Create instance of LineForceToLowerCase...
2026-03-10 15:32:28:0 LineForceToLowerCase{startLine=1, endLine=1, theExtraWranglers=[]}
2026-03-10 15:32:28:1 Create instance of LineSkipIfNull comment:quite a few airports below sea level, so -1 wont work...
2026-03-10 15:32:28:1 LineSkipIfNull{neededColumnNames=[iata_code], neededColumnIds=[], startLine=2, endLine=-9999, columnNames=[], theExtraWranglers=[]}
2026-03-10 15:32:28:0 Create instance of FieldKeep...
2026-03-10 15:32:28:0 FieldKeep{fieldNames=[id, ident, type, name, latitude_deg, longitude_deg, elevation_ft, continent, iso_country, iso_region, municipality, scheduled_service, icao_code, iata_code, gps_code, local_code, home_link, wikipedia_link, keywords], theExtraWranglers=[]}
2026-03-10 15:32:28:1 Create instance of FieldNvl...
2026-03-10 15:32:28:1 FieldNvl{nvlValue='-1', fieldNames=[elevation_ft], theExtraWranglers=[]}
2026-03-10 15:32:28:Processing line 1000
2026-03-10 15:32:28:Processing line 2000
2026-03-10 15:32:28:Processing line 3000
2026-03-10 15:32:28:Processing line 4000
2026-03-10 15:32:28:Processing line 5000
2026-03-10 15:32:28:Processing line 6000
2026-03-10 15:32:28:Processing line 7000
2026-03-10 15:32:28:Processing line 8000
2026-03-10 15:32:28:Processing line 9000
2026-03-10 15:32:28:Processing line 10000
2026-03-10 15:32:28:Processing line 11000
2026-03-10 15:32:28:Processing line 12000
2026-03-10 15:32:28:Processing line 13000
2026-03-10 15:32:28:Processing line 14000
2026-03-10 15:32:28:Processing line 15000
2026-03-10 15:32:28:Processing line 16000
2026-03-10 15:32:28:Processing line 17000
2026-03-10 15:32:28:Processing line 18000
2026-03-10 15:32:28:Processing line 19000
2026-03-10 15:32:28:Processing line 20000
2026-03-10 15:32:28:Processing line 21000
2026-03-10 15:32:28:Processing line 22000
2026-03-10 15:32:28:Processing line 23000
2026-03-10 15:32:28:Processing line 24000
2026-03-10 15:32:28:Processing line 25000
2026-03-10 15:32:28:Processing line 26000
2026-03-10 15:32:28:Processing line 27000
2026-03-10 15:32:28:Processing line 28000
2026-03-10 15:32:28:Processing line 29000
2026-03-10 15:32:28:Processing line 30000
2026-03-10 15:32:28:Processing line 31000
2026-03-10 15:32:28:Processing line 32000
2026-03-10 15:32:28:Processing line 33000
2026-03-10 15:32:28:Processing line 34000
2026-03-10 15:32:28:Processing line 35000
2026-03-10 15:32:28:Processing line 36000
2026-03-10 15:32:28:Processing line 37000
2026-03-10 15:32:28:Processing line 38000
2026-03-10 15:32:28:Processing line 39000
2026-03-10 15:32:28:Processing line 40000
2026-03-10 15:32:28:Processing line 41000
2026-03-10 15:32:28:Processing line 42000
2026-03-10 15:32:28:Processing line 43000
2026-03-10 15:32:28:Processing line 44000
2026-03-10 15:32:28:Processing line 45000
2026-03-10 15:32:28:Processing line 46000
2026-03-10 15:32:28:Processing line 47000
2026-03-10 15:32:28:Processing line 48000
2026-03-10 15:32:28:Processing line 49000
2026-03-10 15:32:28:Processing line 50000
2026-03-10 15:32:28:Processing line 51000
2026-03-10 15:32:28:Processing line 52000
2026-03-10 15:32:28:Processing line 53000
2026-03-10 15:32:28:Processing line 54000
2026-03-10 15:32:29:Processing line 55000
2026-03-10 15:32:29:Processing line 56000
2026-03-10 15:32:29:Processing line 57000
2026-03-10 15:32:29:Processing line 58000
2026-03-10 15:32:29:Processing line 59000
2026-03-10 15:32:29:Processing line 60000
2026-03-10 15:32:29:Processing line 61000
2026-03-10 15:32:29:Processing line 62000
2026-03-10 15:32:29:Processing line 63000
2026-03-10 15:32:29:Processing line 64000
2026-03-10 15:32:29:Processing line 65000
2026-03-10 15:32:29:Processing line 66000
2026-03-10 15:32:29:Processing line 67000
2026-03-10 15:32:29:Processing line 68000
2026-03-10 15:32:29:Processing line 69000
2026-03-10 15:32:29:Processing line 70000
2026-03-10 15:32:29:Processing line 71000
2026-03-10 15:32:29:Processing line 72000
2026-03-10 15:32:29:Processing line 73000
2026-03-10 15:32:29:Processing line 74000
2026-03-10 15:32:29:Processing line 75000
2026-03-10 15:32:29:Processing line 76000
2026-03-10 15:32:29:Processing line 77000
2026-03-10 15:32:29:Processing line 78000
2026-03-10 15:32:29:Processing line 79000
2026-03-10 15:32:29:Processing line 80000
2026-03-10 15:32:29:Processing line 81000
2026-03-10 15:32:29:Processing line 82000
2026-03-10 15:32:29:Processing line 83000
2026-03-10 15:32:29:Processing line 84000
2026-03-10 15:32:29:Lines: 84656. Skipped: 0
2026-03-10 15:32:29:{linechanges_LineForceToLowerCase=linechanges_LineForceToLowerCase 
 Reports=               4 Average=              10, Total=              39, 50%=               6, 95%=              20, 99%=              20, 99.5%=              20, 99.95%=              20, Max=              20
2	1.0	Microsecond latency for line changes
6	1.0	Microsecond latency for line changes
11	1.0	Microsecond latency for line changes
20	1.0	Microsecond latency for line changes
, fieldchanges_FieldKeep=fieldchanges_FieldKeep 
 Reports=             782 Average=               4, Total=           3,086, 50%=               1, 95%=               3, 99%=              18, 99.5%=              36, 99.95%=            1808, Max=            1808
1	677.0	Microsecond latency for line changes
2	49.0	Microsecond latency for line changes
3	23.0	Microsecond latency for line changes
4	8.0	Microsecond latency for line changes
5	2.0	Microsecond latency for line changes
6	2.0	Microsecond latency for line changes
7	4.0	Microsecond latency for line changes
9	1.0	Microsecond latency for line changes
11	1.0	Microsecond latency for line changes
12	1.0	Microsecond latency for line changes
13	1.0	Microsecond latency for line changes
14	1.0	Microsecond latency for line changes
16	2.0	Microsecond latency for line changes
17	2.0	Microsecond latency for line changes
18	1.0	Microsecond latency for line changes
22	1.0	Microsecond latency for line changes
27	1.0	Microsecond latency for line changes
34	1.0	Microsecond latency for line changes
36	1.0	Microsecond latency for line changes
42	1.0	Microsecond latency for line changes
48	1.0	Microsecond latency for line changes
1808	1.0	Microsecond latency for line changes
, fieldchanges_FieldFixDateFormat=fieldchanges_FieldFixDateFormat 
 Reports=               1 Average=             560, Total=             560, 50%=             560, 95%=             560, 99%=             560, 99.5%=             560, 99.95%=             560, Max=             560
560	1.0	Microsecond latency for line changes
, linechanges_LineForgetRest=linechanges_LineForgetRest 
 Reports=               1 Average=               9, Total=               9, 50%=               9, 95%=               9, 99%=               9, 99.5%=               9, 99.95%=               9, Max=               9
9	1.0	Microsecond latency for line changes
, linechanges_LineChangeOverrideColumnValue=linechanges_LineChangeOverrideColumnValue 
 Reports=               3 Average=              17, Total=              52, 50%=               7, 95%=              39, 99%=              39, 99.5%=              39, 99.95%=              39, Max=              39
6	1.0	Microsecond latency for line changes
7	1.0	Microsecond latency for line changes
39	1.0	Microsecond latency for line changes
}
{}
{}
]]></system-out>
  </testcase>
</testsuite>