<?xml version="1.0" encoding="UTF-8"?>
<testsuite xmlns:xsi="http://www.w3.org/2001/XMLSchema-instance" xsi:noNamespaceSchemaLocation="https://maven.apache.org/surefire/maven-surefire-plugin/xsd/surefire-test-report-3.0.xsd" version="3.0" name="ie.rolfe.filewrangling.testexamples.FAAOntime2WRTest" time="0.09" tests="1" errors="0" skipped="0" failures="0">
  <properties>
[...]
</properties>
  <testcase name="testFAAOntimeHistory" classname="ie.rolfe.filewrangling.testexamples.FAAOntime2WRTest" time="0.09">
    <system-out><![CDATA[2026-03-10 15:32:29:0 Create instance of LineForceToLowerCase...
2026-03-10 15:32:29:0 LineForceToLowerCase{startLine=1, endLine=1, theExtraWranglers=[]}
2026-03-10 15:32:29:1 Create instance of LineChangeReplaceAllValueOfFieldInLine...
2026-03-10 15:32:29:1 LineChangeReplaceAllValueOfFieldInLine{startLine=1, endLine=1, columnValue='"operating_airline "', newValue='"operating_airline"', theExtraWranglers=[]}
2026-03-10 15:32:29:2 Create instance of LineRemoveLastChar...
2026-03-10 15:32:29:2 LineRemoveLastChar{startLine=2, endLine=-1, theExtraWranglers=[]}
2026-03-10 15:32:29:3 Create instance of LineMakeEpochFromDayAndTime...
2026-03-10 15:32:29:3 LineMakeEpochFromDayAndTime{epochColumn=-1, dateColumn=-1, timeColumn=-1, epochColumnName='flightdate', dateColumnName='flightdate', timeColumnName='crsdeptime', dateFormat=SimpleDateFormat [locale: "en_us", pattern: "yyyy-MM-dd HHmm"]
, startLine=2, endLine=-1, columnNames=[], theExtraWranglers=[]}
2026-03-10 15:32:29:0 Create instance of FieldNvl...
2026-03-10 15:32:29:0 FieldNvl{nvlValue='UNKNOWN', fieldNames=[tail_number], theExtraWranglers=[]}
2026-03-10 15:32:29:1 Create instance of FieldNvl...
2026-03-10 15:32:29:1 FieldNvl{nvlValue='0', fieldNames=[divairportlandings, crs_dep_time, dep_time, dep_delay, crs_arr_time, crs_elapsed_time, distance, year, quarter, month, dayofmonth, dayofweek, depdelay, depdelayminutes, depdel15, taxiout, taxiin, arrdelay, arrdelayminutes, arrdel15, crselapsedtime, actualelapsedtime, airtime, flights, distance], theExtraWranglers=[]}
2026-03-10 15:32:29:2 Create instance of FieldKeep...
2026-03-10 15:32:29:2 FieldKeep{fieldNames=[year, quarter, month, dayofmonth, dayofweek, flightdate, marketing_airline_network, operated_or_branded_code_share_partners, dot_id_marketing_airline, iata_code_marketing_airline, flight_number_marketing_airline, originally_scheduled_code_share_airline, dot_id_originally_scheduled_code_share_airline, iata_code_originally_scheduled_code_share_airline, flight_num_originally_scheduled_code_share_airline, operating_airline, dot_id_operating_airline, iata_code_operating_airline, tail_number, flight_number_operating_airline, originairportid, originairportseqid, origincitymarketid, origin, origincityname, originstate, originstatefips, originstatename, originwac, destairportid, destairportseqid, destcitymarketid, dest, destcityname, deststate, deststatefips, deststatename, destwac, crsdeptime, deptime, depdelay, depdelayminutes, depdel15, departuredelaygroups, deptimeblk, taxiout, wheelsoff, wheelson, taxiin, crsarrtime, arrtime, arrdelay, arrdelayminutes, arrdel15, arrivaldelaygroups, arrtimeblk, cancelled, cancellationcode, diverted, crselapsedtime, actualelapsedtime, airtime, flights, distance, distancegroup, carrierdelay, weatherdelay, nasdelay, securitydelay, lateaircraftdelay, firstdeptime, totaladdgtime, longestaddgtime, divairportlandings, divreacheddest, divactualelapsedtime, divarrdelay, divdistance, div1airport, div1airportid, div1airportseqid, div1wheelson, div1totalgtime, div1longestgtime, div1wheelsoff, div1tailnum, div2airport, div2airportid, div2airportseqid, div2wheelson, div2totalgtime, div2longestgtime, div2wheelsoff, div2tailnum, div3airport, div3airportid, div3airportseqid, div3wheelson, div3totalgtime, div3longestgtime, div3wheelsoff, div3tailnum, div4airport, div4airportid, div4airportseqid, div4wheelson, div4totalgtime, div4longestgtime, div4wheelsoff, div4tailnum, div5airport, div5airportid, div5airportseqid, div5wheelson, div5totalgtime, div5longestgtime, div5wheelsoff, div5tailnum, duplicate, x], theExtraWranglers=[]}
2026-03-10 15:32:29:3 Create instance of FieldPrepend...
2026-03-10 15:32:29:3 FieldPrepend{thingToPrepend='N', onlyIfMissing=true, fieldNames=[tail_number, div1tailnum, div2tailnum, div3tailnum, div4tailnum, div5tailnum], theExtraWranglers=[], originalWranglerRequest=WranglerRequest{requestType='FieldPrepend', props={onlyIfMissing=True, thingToPrepend=N}, fieldNames=[Tail_Number ,Div1TailNum ,Div2TailNum ,Div3TailNum ,Div4TailNum ,Div5TailNum], comment=''}}
2026-03-10 15:32:29:Lines: 10. Skipped: 0
2026-03-10 15:32:29:{linechanges_LineReplace=linechanges_LineReplace 
 Reports=               1 Average=               3, Total=               3, 50%=               3, 95%=               3, 99%=               3, 99.5%=               3, 99.95%=               3, Max=               3
3	1.0	Microsecond latency for line changes
, linechanges_LineForceToLowerCase=linechanges_LineForceToLowerCase 
 Reports=               5 Average=               9, Total=              45, 50%=               6, 95%=              20, 99%=              20, 99.5%=              20, 99.95%=              20, Max=              20
2	1.0	Microsecond latency for line changes
6	2.0	Microsecond latency for line changes
11	1.0	Microsecond latency for line changes
20	1.0	Microsecond latency for line changes
, fieldchanges_FieldNvl=fieldchanges_FieldNvl 
 Reports=              17 Average=               5, Total=              82, 50%=               2, 95%=              26, 99%=              26, 99.5%=              26, 99.95%=              26, Max=              26
2	9.0	Microsecond latency for line changes
3	2.0	Microsecond latency for line changes
4	2.0	Microsecond latency for line changes
6	2.0	Microsecond latency for line changes
12	1.0	Microsecond latency for line changes
26	1.0	Microsecond latency for line changes
, linechanges_LineRemoveLastChar=linechanges_LineRemoveLastChar 
 Reports=               1 Average=               3, Total=               3, 50%=               3, 95%=               3, 99%=               3, 99.5%=               3, 99.95%=               3, Max=               3
3	1.0	Microsecond latency for line changes
, fieldchanges_FieldKeep=fieldchanges_FieldKeep 
 Reports=             787 Average=               4, Total=           3,140, 50%=               1, 95%=               3, 99%=              22, 99.5%=              36, 99.95%=            1808, Max=            1808
1	678.0	Microsecond latency for line changes
2	49.0	Microsecond latency for line changes
3	24.0	Microsecond latency for line changes
4	8.0	Microsecond latency for line changes
5	3.0	Microsecond latency for line changes
6	2.0	Microsecond latency for line changes
7	4.0	Microsecond latency for line changes
9	1.0	Microsecond latency for line changes
11	1.0	Microsecond latency for line changes
12	1.0	Microsecond latency for line changes
13	1.0	Microsecond latency for line changes
14	1.0	Microsecond latency for line changes
15	1.0	Microsecond latency for line changes
16	2.0	Microsecond latency for line changes
17	2.0	Microsecond latency for line changes
18	1.0	Microsecond latency for line changes
22	1.0	Microsecond latency for line changes
27	1.0	Microsecond latency for line changes
30	1.0	Microsecond latency for line changes
34	1.0	Microsecond latency for line changes
36	1.0	Microsecond latency for line changes
42	1.0	Microsecond latency for line changes
48	1.0	Microsecond latency for line changes
1808	1.0	Microsecond latency for line changes
, fieldchanges_FieldFixDateFormat=fieldchanges_FieldFixDateFormat 
 Reports=               1 Average=             560, Total=             560, 50%=             560, 95%=             560, 99%=             560, 99.5%=             560, 99.95%=             560, Max=             560
560	1.0	Microsecond latency for line changes
, linechanges_LineForgetRest=linechanges_LineForgetRest 
 Reports=               1 Average=               9, Total=               9, 50%=               9, 95%=               9, 99%=               9, 99.5%=               9, 99.95%=               9, Max=               9
9	1.0	Microsecond latency for line changes
, linechanges_LineChangeReplaceAllValueOfFieldInLine=linechanges_LineChangeReplaceAllValueOfFieldInLine 
 Reports=               1 Average=              38, Total=              38, 50%=              38, 95%=              38, 99%=              38, 99.5%=              38, 99.95%=              38, Max=              38
38	1.0	Microsecond latency for line changes
, linechanges_LineMakeEpochFromDayAndTime=linechanges_LineMakeEpochFromDayAndTime 
 Reports=               9 Average=             216, Total=           1,943, 50%=             200, 95%=             335, 99%=             335, 99.5%=             335, 99.95%=             335, Max=             335
193	1.0	Microsecond latency for line changes
197	1.0	Microsecond latency for line changes
198	1.0	Microsecond latency for line changes
199	1.0	Microsecond latency for line changes
200	1.0	Microsecond latency for line changes
202	1.0	Microsecond latency for line changes
206	1.0	Microsecond latency for line changes
213	1.0	Microsecond latency for line changes
335	1.0	Microsecond latency for line changes
, linechanges_LineChangeOverrideColumnValue=linechanges_LineChangeOverrideColumnValue 
 Reports=               3 Average=              17, Total=              52, 50%=               7, 95%=              39, 99%=              39, 99.5%=              39, 99.95%=              39, Max=              39
6	1.0	Microsecond latency for line changes
7	1.0	Microsecond latency for line changes
39	1.0	Microsecond latency for line changes
}
{}
{}
]]></system-out>
  </testcase>
</testsuite>