<?xml version="1.0" encoding="UTF-8"?>
<testsuite xmlns:xsi="http://www.w3.org/2001/XMLSchema-instance" xsi:noNamespaceSchemaLocation="https://maven.apache.org/surefire/maven-surefire-plugin/xsd/surefire-test-report-3.0.xsd" version="3.0" name="ie.rolfe.filewrangling.testexamples.FAAOntimeWRTest" time="0.021" tests="1" errors="0" skipped="0" failures="0">
  <properties>
[...]
</properties>
  <testcase name="testFAAOntimeHistory" classname="ie.rolfe.filewrangling.testexamples.FAAOntimeWRTest" time="0.02">
    <system-out><![CDATA[2026-03-10 15:32:28:0 Create instance of LineForceToLowerCase...
2026-03-10 15:32:28:0 LineForceToLowerCase{startLine=1, endLine=1, theExtraWranglers=[]}
2026-03-10 15:32:28:0 Create instance of FieldFixDateFormat...
2026-03-10 15:32:28:0 FieldFixDateFormat{inputFormat=SimpleDateFormat [locale: "en_us", pattern: "MM/dd/yyyy KK:mm:ss a"]
, outputFormat=SimpleDateFormat [locale: "en_gb", pattern: "dd/MM/yyyy"]
, fieldNames=[fl_date], theExtraWranglers=[]}
2026-03-10 15:32:28:1 Create instance of FieldKeep...
2026-03-10 15:32:28:1 FieldKeep{fieldNames=[fl_date, op_unique_carrier, tail_num, op_carrier_fl_num, origin, origin_city_name, dest, dest_city_name, crs_dep_time, dep_time, dep_delay, crs_arr_time, crs_elapsed_time, distance], theExtraWranglers=[]}
2026-03-10 15:32:28:2 Create instance of FieldPrepend...
2026-03-10 15:32:28:2 FieldPrepend{thingToPrepend='N', onlyIfMissing=false, fieldNames=[n-number], theExtraWranglers=[], originalWranglerRequest=WranglerRequest{requestType='FieldPrepend', props={thingToPrepend=N}, fieldNames=[N-NUMBER], comment=''}}
2026-03-10 15:32:28:3 Create instance of FieldNvl...
2026-03-10 15:32:28:3 FieldNvl{nvlValue='UNKNOWN', fieldNames=[tail_num], theExtraWranglers=[]}
2026-03-10 15:32:28:4 Create instance of FieldNvl...
2026-03-10 15:32:28:4 FieldNvl{nvlValue='0', fieldNames=[crs_dep_time, dep_time, dep_delay, crs_arr_time, crs_elapsed_time, distance], theExtraWranglers=[]}
2026-03-10 15:32:28:Lines: 2. Skipped: 0
2026-03-10 15:32:28:{linechanges_LineForceToLowerCase=linechanges_LineForceToLowerCase 
 Reports=               3 Average=              12, Total=              37, 50%=              11, 95%=              20, 99%=              20, 99.5%=              20, 99.95%=              20, Max=              20
6	1.0	Microsecond latency for line changes
11	1.0	Microsecond latency for line changes
20	1.0	Microsecond latency for line changes
, fieldchanges_FieldKeep=fieldchanges_FieldKeep 
 Reports=               4 Average=              15, Total=              58, 50%=               3, 95%=              34, 99%=              34, 99.5%=              34, 99.95%=              34, Max=              34
3	2.0	Microsecond latency for line changes
18	1.0	Microsecond latency for line changes
34	1.0	Microsecond latency for line changes
, fieldchanges_FieldFixDateFormat=fieldchanges_FieldFixDateFormat 
 Reports=               1 Average=             560, Total=             560, 50%=             560, 95%=             560, 99%=             560, 99.5%=             560, 99.95%=             560, Max=             560
560	1.0	Microsecond latency for line changes
, linechanges_LineForgetRest=linechanges_LineForgetRest 
 Reports=               1 Average=               9, Total=               9, 50%=               9, 95%=               9, 99%=               9, 99.5%=               9, 99.95%=               9, Max=               9
9	1.0	Microsecond latency for line changes
, linechanges_LineChangeOverrideColumnValue=linechanges_LineChangeOverrideColumnValue 
 Reports=               3 Average=              17, Total=              52, 50%=               7, 95%=              39, 99%=              39, 99.5%=              39, 99.95%=              39, Max=              39
6	1.0	Microsecond latency for line changes
7	1.0	Microsecond latency for line changes
39	1.0	Microsecond latency for line changes
}
{}
{}
]]></system-out>
  </testcase>
</testsuite>