<?xml version="1.0" encoding="UTF-8"?>
<testsuite xmlns:xsi="http://www.w3.org/2001/XMLSchema-instance" xsi:noNamespaceSchemaLocation="https://maven.apache.org/surefire/maven-surefire-plugin/xsd/surefire-test-report-3.0.xsd" version="3.0" name="ie.rolfe.filewrangling.testexamples.DMAirportWRTest" time="0.434" tests="1" errors="0" skipped="0" failures="0">
  <properties>
[...]
</properties>
  <testcase name="testDMAirpprt" classname="ie.rolfe.filewrangling.testexamples.DMAirportWRTest" time="0.433">
    <system-out><![CDATA[2026-03-25 16:18:14:0 Create instance of LineForceToLowerCase...
2026-03-25 16:18:14:0 LineForceToLowerCase{startLine=1, endLine=1, theExtraWranglers=[]}
2026-03-25 16:18:14:1 Create instance of LineSkipIfNull comment:quite a few airports below sea level, so -1 wont work...
2026-03-25 16:18:14:1 LineSkipIfNull{neededColumnNames=[iata_code], neededColumnIds=[], startLine=2, endLine=-9999, columnNames=[], theExtraWranglers=[]}
2026-03-25 16:18:14:0 Create instance of FieldKeep...
2026-03-25 16:18:14:0 FieldKeep{fieldNames=[id, ident, type, name, latitude_deg, longitude_deg, elevation_ft, continent, iso_country, iso_region, municipality, scheduled_service, icao_code, iata_code, gps_code, local_code, home_link, wikipedia_link, keywords], theExtraWranglers=[]}
2026-03-25 16:18:14:1 Create instance of FieldNvl...
2026-03-25 16:18:14:1 FieldNvl{nvlValue='-1', fieldNames=[elevation_ft], theExtraWranglers=[]}
2026-03-25 16:18:14:Processing line 1, 0 rows per second...
2026-03-25 16:18:15:Lines: 84656. Skipped: 0
2026-03-25 16:18:15:{splitbyregex=splitbyregex 
 Reports=           84658 Average=               1, Total=         110,341, 50%=               0, 95%=               4, 99%=               8, 99.5%=              11, 99.95%=              30, Max=            2046
0	49183.0	Microsecond latency when longer  than 1000000ns
1	4496.0	Microsecond latency when longer  than 1000000ns
2	9287.0	Microsecond latency when longer  than 1000000ns
3	13774.0	Microsecond latency when longer  than 1000000ns
4	4522.0	Microsecond latency when longer  than 1000000ns
5	1546.0	Microsecond latency when longer  than 1000000ns
6	584.0	Microsecond latency when longer  than 1000000ns
7	290.0	Microsecond latency when longer  than 1000000ns
8	220.0	Microsecond latency when longer  than 1000000ns
9	162.0	Microsecond latency when longer  than 1000000ns
10	122.0	Microsecond latency when longer  than 1000000ns
11	94.0	Microsecond latency when longer  than 1000000ns
12	77.0	Microsecond latency when longer  than 1000000ns
13	55.0	Microsecond latency when longer  than 1000000ns
14	38.0	Microsecond latency when longer  than 1000000ns
15	30.0	Microsecond latency when longer  than 1000000ns
16	19.0	Microsecond latency when longer  than 1000000ns
17	22.0	Microsecond latency when longer  than 1000000ns
18	15.0	Microsecond latency when longer  than 1000000ns
19	15.0	Microsecond latency when longer  than 1000000ns
20	8.0	Microsecond latency when longer  than 1000000ns
21	15.0	Microsecond latency when longer  than 1000000ns
22	11.0	Microsecond latency when longer  than 1000000ns
23	7.0	Microsecond latency when longer  than 1000000ns
24	6.0	Microsecond latency when longer  than 1000000ns
25	5.0	Microsecond latency when longer  than 1000000ns
26	1.0	Microsecond latency when longer  than 1000000ns
27	2.0	Microsecond latency when longer  than 1000000ns
28	5.0	Microsecond latency when longer  than 1000000ns
29	3.0	Microsecond latency when longer  than 1000000ns
30	3.0	Microsecond latency when longer  than 1000000ns
31	6.0	Microsecond latency when longer  than 1000000ns
32	3.0	Microsecond latency when longer  than 1000000ns
33	1.0	Microsecond latency when longer  than 1000000ns
35	2.0	Microsecond latency when longer  than 1000000ns
36	2.0	Microsecond latency when longer  than 1000000ns
37	1.0	Microsecond latency when longer  than 1000000ns
38	4.0	Microsecond latency when longer  than 1000000ns
39	3.0	Microsecond latency when longer  than 1000000ns
40	1.0	Microsecond latency when longer  than 1000000ns
42	2.0	Microsecond latency when longer  than 1000000ns
43	3.0	Microsecond latency when longer  than 1000000ns
45	1.0	Microsecond latency when longer  than 1000000ns
46	2.0	Microsecond latency when longer  than 1000000ns
48	1.0	Microsecond latency when longer  than 1000000ns
49	1.0	Microsecond latency when longer  than 1000000ns
52	1.0	Microsecond latency when longer  than 1000000ns
59	2.0	Microsecond latency when longer  than 1000000ns
62	1.0	Microsecond latency when longer  than 1000000ns
63	1.0	Microsecond latency when longer  than 1000000ns
66	1.0	Microsecond latency when longer  than 1000000ns
70	1.0	Microsecond latency when longer  than 1000000ns
2046	1.0	Microsecond latency when longer  than 1000000ns
, fieldchanges_FieldKeep=fieldchanges_FieldKeep 
 Reports=               1 Average=           2,503, Total=           2,503, 50%=            2503, 95%=            2503, 99%=            2503, 99.5%=            2503, 99.95%=            2503, Max=            2503
2503	1.0	Microsecond latency when longer  than 1000000ns
}
{}
{}
]]></system-out>
  </testcase>
</testsuite>