<?xml version="1.0" encoding="UTF-8"?>
<testsuite xmlns:xsi="http://www.w3.org/2001/XMLSchema-instance" xsi:noNamespaceSchemaLocation="https://maven.apache.org/surefire/maven-surefire-plugin/xsd/surefire-test-report-3.0.xsd" version="3.0" name="ie.rolfe.filewrangling.testexamples.FAAAircraftTypeWRTest" time="0.006" tests="1" errors="0" skipped="0" failures="0">
  <properties>
[...]
</properties>
  <testcase name="testFAAAircraftType" classname="ie.rolfe.filewrangling.testexamples.FAAAircraftTypeWRTest" time="0.006">
    <system-out><![CDATA[2026-03-25 16:18:15:0 Create instance of LineReplace...
2026-03-25 16:18:15:0 LineReplace{startLine=1, endLine=1, newValue='code,mfr,model,engines,seats', theExtraWranglers=[]}
2026-03-25 16:18:15:0 Create instance of FieldKeep...
2026-03-25 16:18:15:0 FieldKeep{fieldNames=[code, mfr, model, no-eng, no-seats], theExtraWranglers=[]}
2026-03-25 16:18:15:1 Create instance of FieldNvl...
2026-03-25 16:18:15:1 FieldNvl{nvlValue='0', fieldNames=[no-eng, no-seats], theExtraWranglers=[]}
2026-03-25 16:18:15:Processing line 1, 0 rows per second...
2026-03-25 16:18:15:Lines: 2. Skipped: 0
2026-03-25 16:18:15:{splitbyregex=splitbyregex 
 Reports=          134658 Average=               1, Total=         188,859, 50%=               1, 95%=               4, 99%=               7, 99.5%=               9, 99.95%=              25, Max=            2046
0	49183.0	Microsecond latency when longer  than 1000000ns
1	30710.0	Microsecond latency when longer  than 1000000ns
2	30148.0	Microsecond latency when longer  than 1000000ns
3	15942.0	Microsecond latency when longer  than 1000000ns
4	5028.0	Microsecond latency when longer  than 1000000ns
5	1629.0	Microsecond latency when longer  than 1000000ns
6	638.0	Microsecond latency when longer  than 1000000ns
7	340.0	Microsecond latency when longer  than 1000000ns
8	242.0	Microsecond latency when longer  than 1000000ns
9	170.0	Microsecond latency when longer  than 1000000ns
10	128.0	Microsecond latency when longer  than 1000000ns
11	100.0	Microsecond latency when longer  than 1000000ns
12	80.0	Microsecond latency when longer  than 1000000ns
13	56.0	Microsecond latency when longer  than 1000000ns
14	39.0	Microsecond latency when longer  than 1000000ns
15	30.0	Microsecond latency when longer  than 1000000ns
16	22.0	Microsecond latency when longer  than 1000000ns
17	23.0	Microsecond latency when longer  than 1000000ns
18	16.0	Microsecond latency when longer  than 1000000ns
19	15.0	Microsecond latency when longer  than 1000000ns
20	10.0	Microsecond latency when longer  than 1000000ns
21	15.0	Microsecond latency when longer  than 1000000ns
22	11.0	Microsecond latency when longer  than 1000000ns
23	7.0	Microsecond latency when longer  than 1000000ns
24	6.0	Microsecond latency when longer  than 1000000ns
25	5.0	Microsecond latency when longer  than 1000000ns
26	1.0	Microsecond latency when longer  than 1000000ns
27	3.0	Microsecond latency when longer  than 1000000ns
28	6.0	Microsecond latency when longer  than 1000000ns
29	3.0	Microsecond latency when longer  than 1000000ns
30	3.0	Microsecond latency when longer  than 1000000ns
31	6.0	Microsecond latency when longer  than 1000000ns
32	3.0	Microsecond latency when longer  than 1000000ns
33	2.0	Microsecond latency when longer  than 1000000ns
35	2.0	Microsecond latency when longer  than 1000000ns
36	2.0	Microsecond latency when longer  than 1000000ns
37	1.0	Microsecond latency when longer  than 1000000ns
38	5.0	Microsecond latency when longer  than 1000000ns
39	3.0	Microsecond latency when longer  than 1000000ns
40	1.0	Microsecond latency when longer  than 1000000ns
42	4.0	Microsecond latency when longer  than 1000000ns
43	4.0	Microsecond latency when longer  than 1000000ns
44	1.0	Microsecond latency when longer  than 1000000ns
45	1.0	Microsecond latency when longer  than 1000000ns
46	2.0	Microsecond latency when longer  than 1000000ns
48	1.0	Microsecond latency when longer  than 1000000ns
49	1.0	Microsecond latency when longer  than 1000000ns
50	1.0	Microsecond latency when longer  than 1000000ns
52	1.0	Microsecond latency when longer  than 1000000ns
58	1.0	Microsecond latency when longer  than 1000000ns
59	2.0	Microsecond latency when longer  than 1000000ns
62	1.0	Microsecond latency when longer  than 1000000ns
63	1.0	Microsecond latency when longer  than 1000000ns
66	1.0	Microsecond latency when longer  than 1000000ns
70	1.0	Microsecond latency when longer  than 1000000ns
2046	1.0	Microsecond latency when longer  than 1000000ns
, fieldchanges_FieldKeep=fieldchanges_FieldKeep 
 Reports=               4 Average=           2,111, Total=           8,445, 50%=            2006, 95%=            2503, 99%=            2503, 99.5%=            2503, 99.95%=            2503, Max=            2503
1845	1.0	Microsecond latency when longer  than 1000000ns
2006	1.0	Microsecond latency when longer  than 1000000ns
2091	1.0	Microsecond latency when longer  than 1000000ns
2503	1.0	Microsecond latency when longer  than 1000000ns
, linechanges_LineMakeEpochFromDayAndTime=linechanges_LineMakeEpochFromDayAndTime 
 Reports=               3 Average=           1,927, Total=           5,781, 50%=            1834, 95%=            2135, 99%=            2135, 99.5%=            2135, 99.95%=            2135, Max=            2135
1812	1.0	Microsecond latency when longer  than 1000000ns
1834	1.0	Microsecond latency when longer  than 1000000ns
2135	1.0	Microsecond latency when longer  than 1000000ns
}
{}
{}
]]></system-out>
  </testcase>
</testsuite>